<?xml version="1.0"?>
<example>
    <invalid>This is an example.</invalid>
</example>
